0 info it worked if it ends with ok
1 verbose cli [ 'node', '/usr/local/bin/npm', 'run', 'serve' ]
2 info using npm@1.4.28
3 info using node@v0.10.36
4 verbose run-script [ 'preserve', 'serve', 'postserve' ]
5 info preserve mixi-js-training@0.0.0
6 info serve mixi-js-training@0.0.0
7 verbose unsafe-perm in lifecycle true
8 info mixi-js-training@0.0.0 Failed to exec serve script
9 error mixi-js-training@0.0.0 serve: `gulp serve`
9 error Exit status 1
10 error Failed at the mixi-js-training@0.0.0 serve script.
10 error This is most likely a problem with the mixi-js-training package,
10 error not with npm itself.
10 error Tell the author that this fails on your system:
10 error     gulp serve
10 error You can get their info via:
10 error     npm owner ls mixi-js-training
10 error There is likely additional logging output above.
11 error System Darwin 13.4.0
12 error command "node" "/usr/local/bin/npm" "run" "serve"
13 error cwd /Users/katoTakashi/Documents/00git/study/jsMixi
14 error node -v v0.10.36
15 error npm -v 1.4.28
16 error code ELIFECYCLE
17 verbose exit [ 1, true ]
